<?xml version="1.0" encoding="UTF-8"?>
<testng-results skipped="0" failed="1" ignored="0" total="1" passed="0">
  <reporter-output>
  </reporter-output>
  <suite name="Surefire suite" duration-ms="48671" started-at="2023-03-04T17:34:05 IST" finished-at="2023-03-04T17:34:54 IST">
    <groups>
      <group name="cucumber">
        <method signature="AbstractTestNGCucumberTests.runScenario(io.cucumber.testng.PickleWrapper,io.cucumber.testng.FeatureWrapper)[pri:0, instance:TestRunner.Run@1fc2b765]" name="runScenario" class="io.cucumber.testng.AbstractTestNGCucumberTests"/>
      </group> <!-- cucumber -->
    </groups>
    <test name="Surefire test" duration-ms="48671" started-at="2023-03-04T17:34:05 IST" finished-at="2023-03-04T17:34:54 IST">
      <class name="TestRunner.Run">
        <test-method status="PASS" signature="setUpClass(org.testng.ITestContext)[pri:0, instance:TestRunner.Run@1fc2b765]" name="setUpClass" is-config="true" duration-ms="4734" started-at="2023-03-04T17:34:05 IST" finished-at="2023-03-04T17:34:10 IST">
          <params>
            <param index="0">
              <value>
                <![CDATA[org.testng.TestRunner@44d64d4e]]>
              </value>
            </param>
          </params>
          <reporter-output>
          </reporter-output>
        </test-method> <!-- setUpClass -->
        <test-method status="FAIL" signature="runScenario(io.cucumber.testng.PickleWrapper,io.cucumber.testng.FeatureWrapper)[pri:0, instance:TestRunner.Run@1fc2b765]" name="runScenario" duration-ms="43417" started-at="2023-03-04T17:34:10 IST" description="Runs Cucumber Scenarios" data-provider="scenarios" finished-at="2023-03-04T17:34:53 IST">
          <params>
            <param index="0">
              <value>
                <![CDATA["verify A/B Testing link"]]>
              </value>
            </param>
            <param index="1">
              <value>
                <![CDATA["testing practice1"]]>
              </value>
            </param>
          </params>
          <exception class="java.lang.AssertionError">
            <full-stacktrace>
              <![CDATA[java.lang.AssertionError
at org.junit.Assert.fail(Assert.java:86)
at org.junit.Assert.assertTrue(Assert.java:41)
at org.junit.Assert.assertTrue(Assert.java:52)
at StepDefinition.SDLinkTest.user_redirect_to_new_page_and_verify_title_of_page(SDLinkTest.java:129)
at âœ½.user redirect to new page and verify title of page(file:///G:/cucumbercode%20studio/CucumberFramework-master/CucumberFramework/./Features/theinternet.feature:30)
]]>
            </full-stacktrace>
          </exception> <!-- java.lang.AssertionError -->
          <reporter-output>
          </reporter-output>
        </test-method> <!-- runScenario -->
        <test-method status="PASS" signature="tearDownClass()[pri:0, instance:TestRunner.Run@1fc2b765]" name="tearDownClass" is-config="true" duration-ms="290" started-at="2023-03-04T17:34:53 IST" finished-at="2023-03-04T17:34:54 IST">
          <reporter-output>
          </reporter-output>
        </test-method> <!-- tearDownClass -->
      </class> <!-- TestRunner.Run -->
    </test> <!-- Surefire test -->
  </suite> <!-- Surefire suite -->
</testng-results>
