<?xml version="1.0" encoding="UTF-8"?>
<testng-results skipped="0" failed="1" ignored="0" total="1" passed="0">
  <reporter-output>
  </reporter-output>
  <suite name="Suite" duration-ms="63051" started-at="2023-03-04T12:00:49 IST" finished-at="2023-03-04T12:01:52 IST">
    <groups>
      <group name="cucumber">
        <method signature="AbstractTestNGCucumberTests.runScenario(io.cucumber.testng.PickleWrapper,io.cucumber.testng.FeatureWrapper)[pri:0, instance:TestRunner.Run@73d4cc9e]" name="runScenario" class="io.cucumber.testng.AbstractTestNGCucumberTests"/>
      </group> <!-- cucumber -->
    </groups>
    <test name="Test" duration-ms="63051" started-at="2023-03-04T12:00:49 IST" finished-at="2023-03-04T12:01:52 IST">
      <class name="TestRunner.Run">
        <test-method status="PASS" signature="setUpClass(org.testng.ITestContext)[pri:0, instance:TestRunner.Run@73d4cc9e]" name="setUpClass" is-config="true" duration-ms="3566" started-at="2023-03-04T12:00:49 IST" finished-at="2023-03-04T12:00:53 IST">
          <params>
            <param index="0">
              <value>
                <![CDATA[org.testng.TestRunner@33feb805]]>
              </value>
            </param>
          </params>
          <reporter-output>
          </reporter-output>
        </test-method> <!-- setUpClass -->
        <test-method status="FAIL" signature="runScenario(io.cucumber.testng.PickleWrapper,io.cucumber.testng.FeatureWrapper)[pri:0, instance:TestRunner.Run@73d4cc9e]" name="runScenario" duration-ms="58785" started-at="2023-03-04T12:00:53 IST" description="Runs Cucumber Scenarios" data-provider="scenarios" finished-at="2023-03-04T12:01:52 IST">
          <params>
            <param index="0">
              <value>
                <![CDATA["verify A/B Testing link"]]>
              </value>
            </param>
            <param index="1">
              <value>
                <![CDATA["testing practice1"]]>
              </value>
            </param>
          </params>
          <exception class="java.lang.AssertionError">
            <full-stacktrace>
              <![CDATA[java.lang.AssertionError
at org.junit.Assert.fail(Assert.java:86)
at org.junit.Assert.assertTrue(Assert.java:41)
at org.junit.Assert.assertTrue(Assert.java:52)
at StepDefinition.SDLinkTest.user_redirect_to_new_page_and_verify_title_of_page(SDLinkTest.java:129)
at âœ½.user redirect to new page and verify title of page(file:///G:/cucumbercode%20studio/CucumberFramework-master/CucumberFramework/./Features/theinternet.feature:30)
]]>
            </full-stacktrace>
          </exception> <!-- java.lang.AssertionError -->
          <reporter-output>
          </reporter-output>
        </test-method> <!-- runScenario -->
        <test-method status="PASS" signature="tearDownClass()[pri:0, instance:TestRunner.Run@73d4cc9e]" name="tearDownClass" is-config="true" duration-ms="497" started-at="2023-03-04T12:01:52 IST" finished-at="2023-03-04T12:01:52 IST">
          <reporter-output>
          </reporter-output>
        </test-method> <!-- tearDownClass -->
      </class> <!-- TestRunner.Run -->
    </test> <!-- Test -->
  </suite> <!-- Suite -->
</testng-results>
